::1 - - [27/Jul/2023:15:27:19 +0000] "GET / HTTP/1.1" 200 6159 "-" "Mozilla/5.0 (X11; Linux aarch64) AppleWebKit/537.36 (KHTML, like Gecko) Chrome/88.0.4324.188 Safari/537.36 CrKey/1.54.250320"
::1 - - [27/Jul/2023:15:27:19 +0000] "GET /favicon.ico HTTP/1.1" 404 150 "http://localhost:8000/" "Mozilla/5.0 (X11; Linux aarch64) AppleWebKit/537.36 (KHTML, like Gecko) Chrome/88.0.4324.188 Safari/537.36 CrKey/1.54.250320"
::1 - - [27/Jul/2023:15:27:41 +0000] "GET /users/sign-in HTTP/1.1" 304 - "http://localhost:8000/" "Mozilla/5.0 (Windows NT 10.0; Win64; x64) AppleWebKit/537.36 (KHTML, like Gecko) Chrome/115.0.0.0 Safari/537.36"
::1 - - [27/Jul/2023:15:27:47 +0000] "POST /users/create-session HTTP/1.1" 302 46 "http://localhost:8000/users/sign-in" "Mozilla/5.0 (Windows NT 10.0; Win64; x64) AppleWebKit/537.36 (KHTML, like Gecko) Chrome/115.0.0.0 Safari/537.36"
::1 - - [27/Jul/2023:15:27:47 +0000] "GET / HTTP/1.1" 200 9291 "http://localhost:8000/users/sign-in" "Mozilla/5.0 (Windows NT 10.0; Win64; x64) AppleWebKit/537.36 (KHTML, like Gecko) Chrome/115.0.0.0 Safari/537.36"
::1 - - [28/Jul/2023:08:42:10 +0000] "GET / HTTP/1.1" 200 6159 "-" "Mozilla/5.0 (Windows NT 10.0; Win64; x64) AppleWebKit/537.36 (KHTML, like Gecko) Chrome/115.0.0.0 Safari/537.36"
::1 - - [28/Jul/2023:08:42:10 +0000] "GET /favicon.ico HTTP/1.1" 404 150 "http://localhost:8000/" "Mozilla/5.0 (Windows NT 10.0; Win64; x64) AppleWebKit/537.36 (KHTML, like Gecko) Chrome/115.0.0.0 Safari/537.36"
::1 - - [28/Jul/2023:08:42:14 +0000] "GET /users/sign-in HTTP/1.1" 304 - "http://localhost:8000/" "Mozilla/5.0 (Windows NT 10.0; Win64; x64) AppleWebKit/537.36 (KHTML, like Gecko) Chrome/115.0.0.0 Safari/537.36"
::1 - - [28/Jul/2023:08:42:19 +0000] "POST /users/create-session HTTP/1.1" 302 46 "http://localhost:8000/users/sign-in" "Mozilla/5.0 (Windows NT 10.0; Win64; x64) AppleWebKit/537.36 (KHTML, like Gecko) Chrome/115.0.0.0 Safari/537.36"
::1 - - [28/Jul/2023:08:42:19 +0000] "GET / HTTP/1.1" 200 9291 "http://localhost:8000/users/sign-in" "Mozilla/5.0 (Windows NT 10.0; Win64; x64) AppleWebKit/537.36 (KHTML, like Gecko) Chrome/115.0.0.0 Safari/537.36"
::1 - - [28/Jul/2023:09:22:49 +0000] "GET / HTTP/1.1" 200 8848 "http://localhost:8000/users/sign-in" "Mozilla/5.0 (Windows NT 10.0; Win64; x64) AppleWebKit/537.36 (KHTML, like Gecko) Chrome/115.0.0.0 Safari/537.36"
::1 - - [28/Jul/2023:09:22:51 +0000] "GET / HTTP/1.1" 304 - "http://localhost:8000/users/sign-in" "Mozilla/5.0 (Windows NT 10.0; Win64; x64) AppleWebKit/537.36 (KHTML, like Gecko) Chrome/115.0.0.0 Safari/537.36"
::1 - - [28/Jul/2023:09:22:54 +0000] "GET /posts/destroy/64c24a82e8c0597b9db7966c HTTP/1.1" 200 72 "http://localhost:8000/" "Mozilla/5.0 (Windows NT 10.0; Win64; x64) AppleWebKit/537.36 (KHTML, like Gecko) Chrome/115.0.0.0 Safari/537.36"
::1 - - [28/Jul/2023:11:12:39 +0000] "GET / HTTP/1.1" 200 5216 "http://localhost:8000/users/sign-in" "Mozilla/5.0 (Windows NT 10.0; Win64; x64) AppleWebKit/537.36 (KHTML, like Gecko) Chrome/115.0.0.0 Safari/537.36"
::1 - - [28/Jul/2023:11:12:39 +0000] "GET /css/layout-0721cbf175.css HTTP/1.1" 404 164 "http://localhost:8000/" "Mozilla/5.0 (Windows NT 10.0; Win64; x64) AppleWebKit/537.36 (KHTML, like Gecko) Chrome/115.0.0.0 Safari/537.36"
::1 - - [28/Jul/2023:11:12:39 +0000] "GET /css/header-29c74d31c2.css HTTP/1.1" 404 164 "http://localhost:8000/" "Mozilla/5.0 (Windows NT 10.0; Win64; x64) AppleWebKit/537.36 (KHTML, like Gecko) Chrome/115.0.0.0 Safari/537.36"
::1 - - [28/Jul/2023:11:12:39 +0000] "GET /css/footer-fbc100b90c.css HTTP/1.1" 404 164 "http://localhost:8000/" "Mozilla/5.0 (Windows NT 10.0; Win64; x64) AppleWebKit/537.36 (KHTML, like Gecko) Chrome/115.0.0.0 Safari/537.36"
::1 - - [28/Jul/2023:11:12:45 +0000] "GET /users/sign-in HTTP/1.1" 200 3407 "http://localhost:8000/" "Mozilla/5.0 (Windows NT 10.0; Win64; x64) AppleWebKit/537.36 (KHTML, like Gecko) Chrome/115.0.0.0 Safari/537.36"
::1 - - [28/Jul/2023:11:12:45 +0000] "GET /css/layout-0721cbf175.css HTTP/1.1" 404 164 "http://localhost:8000/users/sign-in" "Mozilla/5.0 (Windows NT 10.0; Win64; x64) AppleWebKit/537.36 (KHTML, like Gecko) Chrome/115.0.0.0 Safari/537.36"
::1 - - [28/Jul/2023:11:12:45 +0000] "GET /css/header-29c74d31c2.css HTTP/1.1" 404 164 "http://localhost:8000/users/sign-in" "Mozilla/5.0 (Windows NT 10.0; Win64; x64) AppleWebKit/537.36 (KHTML, like Gecko) Chrome/115.0.0.0 Safari/537.36"
::1 - - [28/Jul/2023:11:12:45 +0000] "GET /css/footer-fbc100b90c.css HTTP/1.1" 404 164 "http://localhost:8000/users/sign-in" "Mozilla/5.0 (Windows NT 10.0; Win64; x64) AppleWebKit/537.36 (KHTML, like Gecko) Chrome/115.0.0.0 Safari/537.36"
::1 - - [28/Jul/2023:11:12:54 +0000] "POST /users/create-session HTTP/1.1" 302 46 "http://localhost:8000/users/sign-in" "Mozilla/5.0 (Windows NT 10.0; Win64; x64) AppleWebKit/537.36 (KHTML, like Gecko) Chrome/115.0.0.0 Safari/537.36"
::1 - - [28/Jul/2023:11:12:54 +0000] "GET / HTTP/1.1" 200 7445 "http://localhost:8000/users/sign-in" "Mozilla/5.0 (Windows NT 10.0; Win64; x64) AppleWebKit/537.36 (KHTML, like Gecko) Chrome/115.0.0.0 Safari/537.36"
::1 - - [28/Jul/2023:11:12:55 +0000] "GET /css/header-29c74d31c2.css HTTP/1.1" 404 164 "http://localhost:8000/" "Mozilla/5.0 (Windows NT 10.0; Win64; x64) AppleWebKit/537.36 (KHTML, like Gecko) Chrome/115.0.0.0 Safari/537.36"
::1 - - [28/Jul/2023:11:12:55 +0000] "GET /css/layout-0721cbf175.css HTTP/1.1" 404 164 "http://localhost:8000/" "Mozilla/5.0 (Windows NT 10.0; Win64; x64) AppleWebKit/537.36 (KHTML, like Gecko) Chrome/115.0.0.0 Safari/537.36"
::1 - - [28/Jul/2023:11:12:55 +0000] "GET /css/footer-fbc100b90c.css HTTP/1.1" 404 164 "http://localhost:8000/" "Mozilla/5.0 (Windows NT 10.0; Win64; x64) AppleWebKit/537.36 (KHTML, like Gecko) Chrome/115.0.0.0 Safari/537.36"
[0mGET / [32m200[0m 1221.569 ms - 6283[0m
[0mGET /users/sign-in [32m200[0m 64.133 ms - 3371[0m
[0mGET /users/css/layout.css [33m404[0m 23.057 ms - 159[0m
[0mGET /users/css/header.css [33m404[0m 54.087 ms - 159[0m
[0mGET /users/css/footer.css [33m404[0m 53.589 ms - 159[0m
[0mPOST /users/create-session [36m302[0m 125.600 ms - 46[0m
[0mGET / [32m200[0m 65.649 ms - 9021[0m
[0mPOST /likes/toggle/?id=64b01b211b0da5abd93ae9e3&type=Comment [32m200[0m 65.613 ms - 57[0m
[0mPOST /likes/toggle/?id=64b01b211b0da5abd93ae9e3&type=Comment [32m200[0m 64.496 ms - 58[0m
[0mGET /users/profile/64aad555b10436adde37fd4c [32m200[0m 48.093 ms - 2643[0m
[0mGET /users/profile/css/layout.css [33m404[0m 14.819 ms - 167[0m
[0mGET /users/profile/css/header.css [33m404[0m 38.341 ms - 167[0m
[0mGET /users/profile/css/footer.css [33m404[0m 29.018 ms - 167[0m
[0mGET / [32m200[0m 148.894 ms - 9004[0m
[0mGET /users/sign-out [36m302[0m 41.046 ms - 72[0m
[0mGET /users/sign-up [32m200[0m 15.058 ms - 7236[0m
[0mGET /users/css/layout.css [33m404[0m 40.130 ms - 159[0m
[0mGET /users/css/user-sign-in.css [33m404[0m 25.601 ms - 165[0m
[0mGET /users/css/header.css [33m404[0m 52.111 ms - 159[0m
[0mGET /users/css/footer.css [33m404[0m 51.705 ms - 159[0m
[0mGET /users/css/user-sign-up.css [33m404[0m 56.572 ms - 165[0m
[0mGET /users/css/home.css [33m404[0m 59.684 ms - 157[0m
[0mGET /users/js/user-sign-in.js [33m404[0m 17.046 ms - 163[0m
[0mGET /users/js/user-sign-up.js [33m404[0m 22.987 ms - 163[0m
[0mGET /users/sign-in [32m200[0m 12.830 ms - 3525[0m
[0mGET /users/css/layout.css [33m404[0m 10.644 ms - 159[0m
[0mGET /users/css/header.css [33m404[0m 11.454 ms - 159[0m
[0mGET /users/css/footer.css [33m404[0m 14.209 ms - 159[0m
[0mGET /users/css/user-sign-in.css [33m404[0m 15.193 ms - 165[0m
[0mGET /users/css/user-sign-up.css [33m404[0m 17.315 ms - 165[0m
[0mGET /users/css/home.css [33m404[0m 24.623 ms - 157[0m
[0mGET /users/js/user-sign-in.js [33m404[0m 21.312 ms - 163[0m
[0mGET /users/js/user-sign-up.js [33m404[0m 13.920 ms - 163[0m
[0mPOST /users/create-session [36m302[0m 15.497 ms - 46[0m
[0mGET / [32m200[0m 43.842 ms - 9447[0m
[0mGET / [32m200[0m 48.115 ms - 9004[0m
[0mGET /users/sign-out [36m302[0m 14.874 ms - 72[0m
[0mGET /users/sign-up [36m304[0m 9.119 ms - -[0m
[0mGET /users/css/header.css [33m404[0m 15.611 ms - 159[0m
[0mGET /users/css/layout.css [33m404[0m 15.588 ms - 159[0m
[0mGET /users/css/footer.css [33m404[0m 22.804 ms - 159[0m
[0mGET /users/css/user-sign-in.css [33m404[0m 16.312 ms - 165[0m
[0mGET /users/css/user-sign-up.css [33m404[0m 16.967 ms - 165[0m
[0mGET /users/css/home.css [33m404[0m 17.764 ms - 157[0m
[0mGET /users/js/user-sign-in.js [33m404[0m 13.584 ms - 163[0m
[0mGET /users/js/user-sign-up.js [33m404[0m 13.545 ms - 163[0m
[0mGET /users/sign-up [32m200[0m 11.129 ms - 6799[0m
[0mGET /users/css/header.css [33m404[0m 27.872 ms - 159[0m
[0mGET /users/css/footer.css [33m404[0m 24.834 ms - 159[0m
[0mGET /users/css/user-sign-in.css [33m404[0m 24.170 ms - 165[0m
[0mGET /users/css/user-sign-up.css [33m404[0m 26.582 ms - 165[0m
[0mGET /users/css/layout.css [33m404[0m 24.592 ms - 159[0m
[0mGET /users/css/home.css [33m404[0m 28.873 ms - 157[0m
[0mGET /users/js/user-sign-in.js [33m404[0m 12.340 ms - 163[0m
[0mGET /users/js/user-sign-up.js [33m404[0m 13.563 ms - 163[0m
[0mGET /users/sign-in [36m304[0m 10.778 ms - -[0m
[0mGET /users/css/layout.css [33m404[0m 16.316 ms - 159[0m
[0mGET /users/css/header.css [33m404[0m 18.336 ms - 159[0m
[0mGET /users/css/user-sign-in.css [33m404[0m 18.517 ms - 165[0m
[0mGET /users/css/footer.css [33m404[0m 19.975 ms - 159[0m
[0mGET /users/css/home.css [33m404[0m 21.928 ms - 157[0m
[0mGET /users/css/user-sign-up.css [33m404[0m 21.381 ms - 165[0m
[0mGET /users/js/user-sign-in.js [33m404[0m 17.732 ms - 163[0m
[0mGET /users/js/user-sign-up.js [33m404[0m 26.363 ms - 163[0m
[0mGET /users/sign-up [36m304[0m 10.932 ms - -[0m
[0mGET /users/css/layout.css [33m404[0m 18.096 ms - 159[0m
[0mGET /users/css/header.css [33m404[0m 17.776 ms - 159[0m
[0mGET /users/css/footer.css [33m404[0m 21.764 ms - 159[0m
[0mGET /users/css/user-sign-up.css [33m404[0m 19.594 ms - 165[0m
[0mGET /users/css/user-sign-in.css [33m404[0m 15.500 ms - 165[0m
[0mGET /users/css/home.css [33m404[0m 15.986 ms - 157[0m
[0mGET /users/js/user-sign-in.js [33m404[0m 20.288 ms - 163[0m
[0mGET /users/js/user-sign-up.js [33m404[0m 22.942 ms - 163[0m
[0mGET /users/sign-up [32m200[0m 11.997 ms - 6924[0m
[0mGET /users/css/layout.css [33m404[0m 5.882 ms - 159[0m
[0mGET /users/css/header.css [33m404[0m 6.459 ms - 159[0m
[0mGET /users/css/footer.css [33m404[0m 20.453 ms - 159[0m
[0mGET /users/css/home.css [33m404[0m 18.344 ms - 157[0m
[0mGET /users/js/user-sign-up.js [33m404[0m 10.098 ms - 163[0m
[0mGET /users/js/user-sign-in.js [33m404[0m 9.333 ms - 163[0m
[0mGET /users/sign-up [36m304[0m 9.449 ms - -[0m
[0mGET /users/css/layout.css [33m404[0m 14.416 ms - 159[0m
[0mGET /users/css/header.css [33m404[0m 14.713 ms - 159[0m
[0mGET /users/css/footer.css [33m404[0m 18.031 ms - 159[0m
[0mGET /users/css/home.css [33m404[0m 18.403 ms - 157[0m
[0mGET /users/js/user-sign-in.js [33m404[0m 13.825 ms - 163[0m
[0mGET /users/js/user-sign-up.js [33m404[0m 12.633 ms - 163[0m
[0mGET /users/sign-up [32m200[0m 14.977 ms - 6974[0m
[0mGET /users/css/layout.css [33m404[0m 14.940 ms - 159[0m
[0mGET /users/css/footer.css [33m404[0m 15.920 ms - 159[0m
[0mGET /users/js/user-sign-in.js [33m404[0m 8.035 ms - 163[0m
[0mGET /users/css/header.css [33m404[0m 12.744 ms - 159[0m
[0mGET /users/js/user-sign-up.js [33m404[0m 13.047 ms - 163[0m
[0mGET /users/sign-up [36m304[0m 5.673 ms - -[0m
[0mGET /users/css/layout.css [33m404[0m 16.155 ms - 159[0m
[0mGET /users/css/header.css [33m404[0m 22.484 ms - 159[0m
[0mGET /users/css/footer.css [33m404[0m 18.758 ms - 159[0m
[0mGET /users/js/user-sign-in.js [33m404[0m 12.629 ms - 163[0m
[0mGET /users/js/user-sign-up.js [33m404[0m 12.551 ms - 163[0m
[0mGET /users/sign-up [36m304[0m 8.151 ms - -[0m
[0mGET /users/js/user-sign-up.js [33m404[0m 18.647 ms - 163[0m
[0mGET /users/css/layout.css [33m404[0m 19.451 ms - 159[0m
[0mGET /users/css/header.css [33m404[0m 25.489 ms - 159[0m
[0mGET /users/css/footer.css [33m404[0m 27.245 ms - 159[0m
[0mGET /users/js/user-sign-in.js [33m404[0m 7.246 ms - 163[0m
[0mGET /users/sign-up [36m304[0m 7.837 ms - -[0m
[0mGET /users/css/layout.css [33m404[0m 13.146 ms - 159[0m
[0mGET /users/css/header.css [33m404[0m 18.685 ms - 159[0m
[0mGET /users/css/footer.css [33m404[0m 19.344 ms - 159[0m
[0mGET /users/js/user-sign-in.js [33m404[0m 10.553 ms - 163[0m
[0mGET /users/js/user-sign-up.js [33m404[0m 12.807 ms - 163[0m
[0mGET /users/sign-up [36m304[0m 7.358 ms - -[0m
[0mGET /users/css/layout.css [33m404[0m 18.669 ms - 159[0m
[0mGET /users/css/header.css [33m404[0m 16.437 ms - 159[0m
[0mGET /users/css/footer.css [33m404[0m 20.668 ms - 159[0m
[0mGET /users/js/user-sign-in.js [33m404[0m 11.630 ms - 163[0m
[0mGET /users/js/user-sign-up.js [33m404[0m 12.973 ms - 163[0m
[0mGET /users/sign-in [32m200[0m 15.410 ms - 3700[0m
[0mGET /users/css/layout.css [33m404[0m 14.657 ms - 159[0m
[0mGET /users/css/header.css [33m404[0m 14.428 ms - 159[0m
[0mGET /users/css/footer.css [33m404[0m 14.739 ms - 159[0m
[0mGET /users/js/user-sign-in.js [33m404[0m 12.048 ms - 163[0m
[0mGET /users/js/user-sign-up.js [33m404[0m 15.090 ms - 163[0m
[0mPOST /users/create-session [36m302[0m 11.839 ms - 46[0m
[0mGET / [32m200[0m 39.194 ms - 9622[0m
[0mGET /users/sign-out [36m302[0m 12.972 ms - 72[0m
[0mGET /users/sign-up [32m200[0m 8.169 ms - 7411[0m
[0mGET /users/css/layout.css [33m404[0m 6.930 ms - 159[0m
[0mGET /users/css/header.css [33m404[0m 16.744 ms - 159[0m
[0mGET /users/css/footer.css [33m404[0m 17.404 ms - 159[0m
[0mGET /users/js/user-sign-in.js [33m404[0m 15.776 ms - 163[0m
[0mGET /users/js/user-sign-up.js [33m404[0m 15.711 ms - 163[0m
[0mGET /users/sign-up [32m200[0m 10.917 ms - 6974[0m
[0mGET /users/css/layout.css [33m404[0m 5.438 ms - 159[0m
[0mGET /users/css/header.css [33m404[0m 23.207 ms - 159[0m
[0mGET /users/css/footer.css [33m404[0m 15.405 ms - 159[0m
[0mGET /users/js/user-sign-in.js [33m404[0m 13.420 ms - 163[0m
[0mGET /users/js/user-sign-up.js [33m404[0m 12.943 ms - 163[0m
[0mGET /users/sign-in [36m304[0m 11.119 ms - -[0m
[0mGET /users/css/layout.css [33m404[0m 6.931 ms - 159[0m
[0mGET /users/css/header.css [33m404[0m 10.503 ms - 159[0m
[0mGET /users/css/footer.css [33m404[0m 14.390 ms - 159[0m
[0mGET /users/js/user-sign-in.js [33m404[0m 11.916 ms - 163[0m
[0mGET /users/js/user-sign-up.js [33m404[0m 11.731 ms - 163[0m
[0mPOST /users/create-session [36m302[0m 12.578 ms - 46[0m
[0mGET / [32m200[0m 35.665 ms - 9676[0m
[0mPOST /likes/toggle/?id=64b01b211b0da5abd93ae9e3&type=Comment [32m200[0m 27.693 ms - 57[0m
[0mPOST /likes/toggle/?id=64b01b211b0da5abd93ae9e3&type=Comment [32m200[0m 24.409 ms - 58[0m
[0mPOST /likes/toggle/?id=64b01a47b30d2a5a90229d21&type=Post [32m200[0m 156.116 ms - 57[0m
[0mPOST /likes/toggle/?id=64b01a47b30d2a5a90229d21&type=Post [32m200[0m 15.809 ms - 58[0m
[0mGET /users/profile/64a7aa3b99466d2730909e8d [32m200[0m 21.239 ms - 3402[0m
[0mGET /users/profile/css/header.css [33m404[0m 20.798 ms - 167[0m
[0mGET /users/profile/css/footer.css [33m404[0m 35.659 ms - 167[0m
[0mGET /users/profile/css/user_profile.css [33m404[0m 31.963 ms - 173[0m
[0mGET /users/profile/css/layout.css [33m404[0m 28.748 ms - 167[0m
[0mGET /users/profile/js/user-sign-in.js [33m404[0m 45.119 ms - 171[0m
[0mGET /users/profile/js/user-sign-up.js [33m404[0m 25.616 ms - 171[0m
[0mGET / [32m200[0m 94.968 ms - 9233[0m
[0mGET /users/profile/64aad555b10436adde37fd4c [32m200[0m 40.252 ms - 3037[0m
[0mGET /users/profile/css/layout.css [33m404[0m 26.112 ms - 167[0m
[0mGET /users/profile/css/header.css [33m404[0m 32.432 ms - 167[0m
[0mGET /users/profile/css/user_profile.css [33m404[0m 29.540 ms - 173[0m
[0mGET /users/profile/css/footer.css [33m404[0m 45.032 ms - 167[0m
[0mGET /users/profile/js/user-sign-up.js [33m404[0m 15.258 ms - 171[0m
[0mGET /users/profile/js/user-sign-in.js [33m404[0m 52.145 ms - 171[0m
[0mGET / [36m304[0m 62.661 ms - -[0m
[0mGET /users/sign-out [36m302[0m 18.609 ms - 72[0m
[0mGET /users/sign-up [32m200[0m 36.754 ms - 7411[0m
[0mGET /users/css/header.css [33m404[0m 12.379 ms - 159[0m
[0mGET /users/css/footer.css [33m404[0m 12.029 ms - 159[0m
[0mGET /users/css/layout.css [33m404[0m 23.570 ms - 159[0m
[0mGET /users/js/user-sign-in.js [33m404[0m 22.522 ms - 163[0m
[0mGET /users/js/user-sign-up.js [33m404[0m 20.460 ms - 163[0m
[0mGET /users/sign-up [32m200[0m 160.809 ms - 6974[0m
[0mGET /users/css/layout.css [33m404[0m 38.418 ms - 159[0m
[0mGET /users/css/footer.css [33m404[0m 51.367 ms - 159[0m
[0mGET /users/css/header.css [33m404[0m 66.688 ms - 159[0m
[0mGET /users/js/user-sign-in.js [33m404[0m 22.979 ms - 163[0m
[0mGET /users/js/user-sign-up.js [33m404[0m 13.202 ms - 163[0m
[0mGET /users/css/layout.css [33m404[0m 14.813 ms - 159[0m
[0mGET /users/css/header.css [33m404[0m 15.199 ms - 159[0m
[0mGET /users/css/footer.css [33m404[0m 16.024 ms - 159[0m
[0mGET /users/sign-up [32m200[0m 16.145 ms - 6974[0m
[0mGET /users/css/layout.css [33m404[0m 12.311 ms - 159[0m
[0mGET /users/css/header.css [33m404[0m 15.943 ms - 159[0m
[0mGET /users/css/footer.css [33m404[0m 27.791 ms - 159[0m
[0mGET /users/css/user-sign-in.css [33m404[0m 44.766 ms - 165[0m
[0mGET /users/css/home.css [33m404[0m 39.359 ms - 157[0m
[0mGET /users/css/user-sign-up.css [33m404[0m 86.869 ms - 165[0m
[0mGET /users/js/user-sign-in.js [33m404[0m 33.046 ms - 163[0m
[0mGET /users/js/user-sign-up.js [33m404[0m 33.899 ms - 163[0m
[0mGET /users/css/layout.css [33m404[0m 14.313 ms - 159[0m
[0mGET /users/css/header.css [33m404[0m 31.181 ms - 159[0m
[0mGET /users/css/footer.css [33m404[0m 33.805 ms - 159[0m
[0mGET /users/css/user-sign-in.css [33m404[0m 39.008 ms - 165[0m
[0mGET /users/css/user-sign-up.css [33m404[0m 25.394 ms - 165[0m
[0mGET /users/css/home.css [33m404[0m 31.578 ms - 157[0m
[0mGET /users/sign-in [32m200[0m 27.526 ms - 3700[0m
[0mGET /users/css/header.css [33m404[0m 19.497 ms - 159[0m
[0mGET /users/css/layout.css [33m404[0m 11.556 ms - 159[0m
[0mGET /users/css/home.css [33m404[0m 22.651 ms - 157[0m
[0mGET /users/css/user-sign-up.css [33m404[0m 57.061 ms - 165[0m
[0mGET /users/css/footer.css [33m404[0m 64.996 ms - 159[0m
[0mGET /users/js/user-sign-up.js [33m404[0m 39.104 ms - 163[0m
[0mGET /users/css/user-sign-in.css [33m404[0m 21.249 ms - 165[0m
[0mGET /users/js/user-sign-in.js [33m404[0m 50.917 ms - 163[0m
[0mPOST /users/create-session [36m302[0m 105.854 ms - 46[0m
[0mGET / [32m200[0m 76.076 ms - 9676[0m
[0mGET /users/profile/64a7aa3b99466d2730909e8d [32m200[0m 37.569 ms - 3402[0m
[0mGET /users/profile/css/user-sign-in.css [33m404[0m 38.384 ms - 173[0m
[0mGET /users/profile/css/user-sign-up.css [33m404[0m 50.589 ms - 173[0m
[0mGET /users/profile/css/home.css [33m404[0m 51.070 ms - 165[0m
[0mGET /users/profile/css/header.css [33m404[0m 74.433 ms - 167[0m
[0mGET /users/profile/css/footer.css [33m404[0m 85.283 ms - 167[0m
[0mGET /users/profile/css/user_profile.css [33m404[0m 100.926 ms - 173[0m
[0mGET /users/profile/css/layout.css [33m404[0m 63.797 ms - 167[0m
[0mGET /users/profile/js/user-sign-in.js [33m404[0m 75.404 ms - 171[0m
[0mGET /users/profile/js/user-sign-up.js [33m404[0m 53.114 ms - 171[0m
[0mGET / [32m200[0m 196.076 ms - 9233[0m
[0mGET /users/sign-out [36m302[0m 33.134 ms - 72[0m
[0mGET /users/sign-up [32m200[0m 16.741 ms - 7411[0m
[0mGET /users/css/layout.css [33m404[0m 21.402 ms - 159[0m
[0mGET /users/css/header.css [33m404[0m 30.075 ms - 159[0m
[0mGET /users/css/user-sign-in.css [33m404[0m 68.454 ms - 165[0m
[0mGET /users/css/footer.css [33m404[0m 104.259 ms - 159[0m
[0mGET /users/css/user-sign-up.css [33m404[0m 112.454 ms - 165[0m
[0mGET /users/js/user-sign-in.js [33m404[0m 112.887 ms - 163[0m
[0mGET /users/js/user-sign-up.js [33m404[0m 57.511 ms - 163[0m
[0mGET /users/css/home.css [33m404[0m 53.710 ms - 157[0m
[0mGET /users/sign-in [36m304[0m 21.757 ms - -[0m
[0mGET /users/css/layout.css [33m404[0m 31.471 ms - 159[0m
[0mGET /users/css/header.css [33m404[0m 33.573 ms - 159[0m
[0mGET /users/css/footer.css [33m404[0m 27.372 ms - 159[0m
[0mGET /users/css/user-sign-in.css [33m404[0m 27.843 ms - 165[0m
[0mGET /users/css/user-sign-up.css [33m404[0m 32.491 ms - 165[0m
[0mGET /users/css/home.css [33m404[0m 33.052 ms - 157[0m
[0mGET /users/js/user-sign-up.js [33m404[0m 44.443 ms - 163[0m
[0mGET /users/js/user-sign-in.js [33m404[0m 29.688 ms - 163[0m
[0mPOST /users/create-session [36m302[0m 16.830 ms - 46[0m
[0mGET / [32m200[0m 67.922 ms - 9676[0m
[0mGET /users/sign-out [36m302[0m 10.322 ms - 72[0m
[0mGET /users/sign-up [36m304[0m 245.516 ms - -[0m
[0mGET /users/css/footer.css [33m404[0m 14.381 ms - 159[0m
[0mGET /users/css/user-sign-in.css [33m404[0m 13.518 ms - 165[0m
[0mGET /users/css/layout.css [33m404[0m 10.511 ms - 159[0m
[0mGET /users/css/header.css [33m404[0m 13.503 ms - 159[0m
[0mGET /users/css/user-sign-up.css [33m404[0m 13.636 ms - 165[0m
[0mGET /users/js/user-sign-in.js [33m404[0m 7.903 ms - 163[0m
[0mGET /users/js/user-sign-up.js [33m404[0m 9.429 ms - 163[0m
[0mGET /users/css/home.css [33m404[0m 406.936 ms - 157[0m
[0mGET /users/css/layout.css [33m404[0m 10.427 ms - 159[0m
[0mGET /users/css/header.css [33m404[0m 23.616 ms - 159[0m
[0mGET /users/css/home.css [33m404[0m 35.466 ms - 157[0m
[0mGET /users/css/footer.css [33m404[0m 33.368 ms - 159[0m
[0mGET /users/css/user-sign-in.css [33m404[0m 37.622 ms - 165[0m
[0mGET /users/css/user-sign-up.css [33m404[0m 115.476 ms - 165[0m
[0mGET /users/css/layout.css [33m404[0m 7.349 ms - 159[0m
[0mGET /users/css/header.css [33m404[0m 20.224 ms - 159[0m
[0mGET /users/css/footer.css [33m404[0m 20.729 ms - 159[0m
[0mGET /users/css/user-sign-up.css [33m404[0m 21.298 ms - 165[0m
[0mGET /users/css/user-sign-in.css [33m404[0m 26.295 ms - 165[0m
[0mGET /users/css/home.css [33m404[0m 24.383 ms - 157[0m
[0mGET /users/sign-up [32m200[0m 54.937 ms - 6974[0m
[0mGET /users/css/layout.css [33m404[0m 28.383 ms - 159[0m
[0mGET /users/css/header.css [33m404[0m 27.915 ms - 159[0m
[0mGET /users/css/footer.css [33m404[0m 34.222 ms - 159[0m
[0mGET /users/css/user-sign-in.css [33m404[0m 53.709 ms - 165[0m
[0mGET /users/css/user-sign-up.css [33m404[0m 50.800 ms - 165[0m
[0mGET /users/css/home.css [33m404[0m 50.402 ms - 157[0m
[0mGET /users/js/user-sign-in.js [33m404[0m 16.926 ms - 163[0m
[0mGET /users/js/user-sign-up.js [33m404[0m 17.058 ms - 163[0m
[0mGET /users/css/layout.css [33m404[0m 13.704 ms - 159[0m
[0mGET /users/css/header.css [33m404[0m 30.585 ms - 159[0m
[0mGET /users/css/footer.css [33m404[0m 43.573 ms - 159[0m
[0mGET /users/css/user-sign-in.css [33m404[0m 38.296 ms - 165[0m
[0mGET /users/css/user-sign-up.css [33m404[0m 33.449 ms - 165[0m
[0mGET /users/css/home.css [33m404[0m 31.633 ms - 157[0m
[0mGET /users/css/layout.css [33m404[0m 22.696 ms - 159[0m
[0mGET /users/css/header.css [33m404[0m 22.689 ms - 159[0m
[0mGET /users/css/footer.css [33m404[0m 23.072 ms - 159[0m
[0mGET /users/css/home.css [33m404[0m 22.975 ms - 157[0m
[0mGET /users/css/user-sign-up.css [33m404[0m 24.116 ms - 165[0m
[0mGET /users/css/user-sign-in.css [33m404[0m 22.026 ms - 165[0m
[0mGET /users/sign-up [36m304[0m 91.356 ms - -[0m
[0mGET /users/css/layout.css [33m404[0m 42.100 ms - 159[0m
[0mGET /users/css/user-sign-in.css [33m404[0m 82.102 ms - 165[0m
[0mGET /users/css/header.css [33m404[0m 127.696 ms - 159[0m
[0mGET /users/css/footer.css [33m404[0m 132.473 ms - 159[0m
[0mGET /users/css/home.css [33m404[0m 154.989 ms - 157[0m
[0mGET /users/css/user-sign-up.css [33m404[0m 159.892 ms - 165[0m
[0mGET /users/js/user-sign-in.js [33m404[0m 23.031 ms - 163[0m
[0mGET /users/js/user-sign-up.js [33m404[0m 16.372 ms - 163[0m
[0mGET /users/css/layout.css [33m404[0m 13.483 ms - 159[0m
[0mGET /users/sign-up [36m304[0m 77.999 ms - -[0m
[0mGET /users/css/layout.css [33m404[0m 29.510 ms - 159[0m
[0mGET /users/css/header.css [33m404[0m 76.681 ms - 159[0m
[0mGET /users/css/user-sign-up.css [33m404[0m 39.558 ms - 165[0m
[0mGET /users/css/home.css [33m404[0m 52.727 ms - 157[0m
[0mGET /users/css/footer.css [33m404[0m 183.617 ms - 159[0m
[0mGET /users/css/user-sign-in.css [33m404[0m 181.697 ms - 165[0m
[0mGET /users/js/user-sign-in.js [33m404[0m 43.829 ms - 163[0m
[0mGET /users/js/user-sign-up.js [33m404[0m 41.652 ms - 163[0m
[0mGET /users/css/header.css [33m404[0m 36.837 ms - 159[0m
[0mGET /users/css/home.css [33m404[0m 24.060 ms - 157[0m
[0mGET /users/css/layout.css [33m404[0m 27.366 ms - 159[0m
[0mGET /users/css/user-sign-up.css [33m404[0m 78.778 ms - 165[0m
[0mGET /users/sign-up [36m304[0m 17.509 ms - -[0m
[0mGET /users/css/layout.css [33m404[0m 22.787 ms - 159[0m
[0mGET /users/css/header.css [33m404[0m 29.656 ms - 159[0m
[0mGET /users/css/footer.css [33m404[0m 33.639 ms - 159[0m
[0mGET /users/css/user-sign-in.css [33m404[0m 34.199 ms - 165[0m
[0mGET /users/css/user-sign-up.css [33m404[0m 43.029 ms - 165[0m
[0mGET /users/css/home.css [33m404[0m 56.597 ms - 157[0m
[0mGET /users/js/user-sign-in.js [33m404[0m 18.716 ms - 163[0m
[0mGET /users/js/user-sign-up.js [33m404[0m 31.982 ms - 163[0m
[0mGET / [32m200[0m 152.642 ms - 6938[0m
[0mGET /users/sign-in [36m304[0m 25.159 ms - -[0m
[0mGET /users/css/footer.css [33m404[0m 14.137 ms - 159[0m
[0mGET /users/css/layout.css [33m404[0m 18.771 ms - 159[0m
[0mGET /users/css/user-sign-up.css [33m404[0m 17.302 ms - 165[0m
[0mGET /users/css/user-sign-in.css [33m404[0m 22.823 ms - 165[0m
[0mGET /users/css/home.css [33m404[0m 12.645 ms - 157[0m
[0mGET /users/css/header.css [33m404[0m 11.422 ms - 159[0m
[0mGET /users/js/user-sign-in.js [33m404[0m 15.925 ms - 163[0m
[0mGET /users/js/user-sign-up.js [33m404[0m 27.235 ms - 163[0m
[0mPOST /users/create-session [36m302[0m 21.989 ms - 46[0m
[0mGET / [32m200[0m 57.968 ms - 9676[0m
[0mGET /users/profile/64aad555b10436adde37fd4c [32m200[0m 34.288 ms - 3037[0m
[0mGET /users/profile/css/layout.css [33m404[0m 50.800 ms - 167[0m
[0mGET /users/profile/css/header.css [33m404[0m 78.916 ms - 167[0m
[0mGET /users/profile/css/footer.css [33m404[0m 92.478 ms - 167[0m
[0mGET /users/profile/css/user-sign-in.css [33m404[0m 93.715 ms - 173[0m
[0mGET /users/profile/css/user-sign-up.css [33m404[0m 139.331 ms - 173[0m
[0mGET /users/profile/css/home.css [33m404[0m 149.308 ms - 165[0m
[0mGET /users/profile/css/user_profile.css [33m404[0m 52.220 ms - 173[0m
[0mGET /users/profile/js/user-sign-up.js [33m404[0m 32.550 ms - 171[0m
[0mGET /users/profile/js/user-sign-in.js [33m404[0m 36.045 ms - 171[0m
::1 - - [28/Jul/2023:14:57:39 +0000] "GET / HTTP/1.1" 200 6003 "http://localhost:8000/users/sign-in" "Mozilla/5.0 (Windows NT 10.0; Win64; x64) AppleWebKit/537.36 (KHTML, like Gecko) Chrome/115.0.0.0 Safari/537.36"
::1 - - [28/Jul/2023:14:57:42 +0000] "GET /users/sign-in HTTP/1.1" 200 3796 "http://localhost:8000/" "Mozilla/5.0 (Windows NT 10.0; Win64; x64) AppleWebKit/537.36 (KHTML, like Gecko) Chrome/115.0.0.0 Safari/537.36"
::1 - - [28/Jul/2023:14:57:44 +0000] "GET /users/sign-up HTTP/1.1" 200 7070 "http://localhost:8000/users/sign-in" "Mozilla/5.0 (Windows NT 10.0; Win64; x64) AppleWebKit/537.36 (KHTML, like Gecko) Chrome/115.0.0.0 Safari/537.36"
::1 - - [28/Jul/2023:14:57:46 +0000] "GET /users/sign-in HTTP/1.1" 304 - "http://localhost:8000/users/sign-up" "Mozilla/5.0 (Windows NT 10.0; Win64; x64) AppleWebKit/537.36 (KHTML, like Gecko) Chrome/115.0.0.0 Safari/537.36"
::1 - - [28/Jul/2023:14:57:50 +0000] "POST /users/create-session HTTP/1.1" 302 46 "http://localhost:8000/users/sign-in" "Mozilla/5.0 (Windows NT 10.0; Win64; x64) AppleWebKit/537.36 (KHTML, like Gecko) Chrome/115.0.0.0 Safari/537.36"
::1 - - [28/Jul/2023:14:57:50 +0000] "GET / HTTP/1.1" 200 8232 "http://localhost:8000/users/sign-in" "Mozilla/5.0 (Windows NT 10.0; Win64; x64) AppleWebKit/537.36 (KHTML, like Gecko) Chrome/115.0.0.0 Safari/537.36"
::1 - - [28/Jul/2023:14:57:52 +0000] "GET /users/profile/64c24a53e8c0597b9db79640 HTTP/1.1" 200 3068 "http://localhost:8000/" "Mozilla/5.0 (Windows NT 10.0; Win64; x64) AppleWebKit/537.36 (KHTML, like Gecko) Chrome/115.0.0.0 Safari/537.36"
::1 - - [28/Jul/2023:14:57:56 +0000] "GET /users/sign-out HTTP/1.1" 302 72 "http://localhost:8000/users/profile/64c24a53e8c0597b9db79640" "Mozilla/5.0 (Windows NT 10.0; Win64; x64) AppleWebKit/537.36 (KHTML, like Gecko) Chrome/115.0.0.0 Safari/537.36"
::1 - - [28/Jul/2023:14:57:56 +0000] "GET /users/sign-up HTTP/1.1" 200 7507 "http://localhost:8000/users/profile/64c24a53e8c0597b9db79640" "Mozilla/5.0 (Windows NT 10.0; Win64; x64) AppleWebKit/537.36 (KHTML, like Gecko) Chrome/115.0.0.0 Safari/537.36"
[0mGET /users/sign-up [32m200[0m 34.528 ms - 6974[0m
[0mGET /users/css/layout.css [33m404[0m 79.471 ms - 159[0m
[0mGET /users/css/user-sign-in.css [33m404[0m 45.743 ms - 165[0m
[0mGET /users/css/header.css [33m404[0m 116.724 ms - 159[0m
[0mGET /users/css/home.css [33m404[0m 47.603 ms - 157[0m
[0mGET /users/css/footer.css [33m404[0m 114.306 ms - 159[0m
[0mGET /users/css/user-sign-up.css [33m404[0m 38.354 ms - 165[0m
[0mGET /users/js/user-sign-in.js [33m404[0m 17.992 ms - 163[0m
[0mGET /users/js/user-sign-up.js [33m404[0m 24.430 ms - 163[0m
[0mGET /users/css/layout.css [33m404[0m 15.441 ms - 159[0m
[0mGET /users/css/header.css [33m404[0m 30.257 ms - 159[0m
[0mGET /users/css/footer.css [33m404[0m 28.607 ms - 159[0m
[0mGET /users/css/user-sign-in.css [33m404[0m 28.963 ms - 165[0m
[0mGET /users/css/user-sign-up.css [33m404[0m 28.025 ms - 165[0m
[0mGET /users/css/home.css [33m404[0m 40.481 ms - 157[0m
::ffff:127.0.0.1 - - [28/Jul/2023:15:00:46 +0000] "GET /users/sign-up HTTP/1.1" 200 7070 "http://localhost:8000/users/profile/64c24a53e8c0597b9db79640" "Mozilla/5.0 (X11; Linux aarch64) AppleWebKit/537.36 (KHTML, like Gecko) Chrome/88.0.4324.188 Safari/537.36 CrKey/1.54.250320"
::1 - - [28/Jul/2023:15:05:55 +0000] "GET /users/sign-up HTTP/1.1" 304 - "http://localhost:8000/users/profile/64c24a53e8c0597b9db79640" "Mozilla/5.0 (X11; Linux aarch64) AppleWebKit/537.36 (KHTML, like Gecko) Chrome/88.0.4324.188 Safari/537.36 CrKey/1.54.250320"
[0mGET /users/sign-up [32m200[0m 34.773 ms - 6974[0m
[0mGET /users/js/user-sign-in.js [33m404[0m 71.942 ms - 163[0m
[0mGET /users/css/header.css [33m404[0m 76.685 ms - 159[0m
[0mGET /users/js/user-sign-up.js [33m404[0m 160.411 ms - 163[0m
[0mGET /users/css/layout.css [33m404[0m 242.427 ms - 159[0m
[0mGET /users/css/footer.css [33m404[0m 185.980 ms - 159[0m
[0mGET /users/css/user-sign-in.css [33m404[0m 153.318 ms - 165[0m
[0mGET /users/css/user-sign-up.css [33m404[0m 33.907 ms - 165[0m
[0mGET /users/css/home.css [33m404[0m 34.714 ms - 157[0m
[0mGET /users/sign-up [32m200[0m 55.906 ms - 6982[0m
[0mPOST /users/create-session [36m302[0m 52.307 ms - 46[0m
[0mGET / [32m200[0m 187.136 ms - 9690[0m
[0mGET /users/profile/64a7aa3b99466d2730909e8d [32m200[0m 46.719 ms - 3411[0m
[0mGET /users/sign-up [36m302[0m 11.075 ms - 72[0m
[0mGET /users/profile [33m404[0m 16.620 ms - 152[0m
[0mGET / [32m200[0m 982.452 ms - 6952[0m
[0mGET /favicon.ico [33m404[0m 33.614 ms - 150[0m
[0mGET /users/sign-in [32m200[0m 54.222 ms - 3708[0m
[0mPOST /users/create-session [36m302[0m 131.166 ms - 46[0m
[0mGET / [32m200[0m 124.570 ms - 9690[0m
[0mPOST /posts/create [32m200[0m 303.559 ms - 274[0m
[0mPOST /posts/create [32m200[0m 311.300 ms - 274[0m
[0mPOST /comments/create [32m200[0m 194.069 ms - 318[0m
[0mPOST /likes/toggle/?id=64c4b4181df2358ad6c65632&type=Post [32m200[0m 39.135 ms - 58[0m
[0mPOST /likes/toggle/?id=64c4b41b1df2358ad6c65638&type=Comment [32m200[0m 29.325 ms - 58[0m
[0mGET /users/profile/64a7aa3b99466d2730909e8d [36m304[0m 79.943 ms - -[0m
[0mGET /users/sign-out [36m302[0m 55.910 ms - 72[0m
[0mGET /users/sign-up [32m200[0m 72.901 ms - 7419[0m
[0mGET /users/auth/google [36m302[0m 12.059 ms - 0[0m
[0mGET /users/auth/google/callback?code=4%2F0AZEOvhW-w0sRe7tQxm9JFjfHwxCYq5u_Rr7YcpeLcUymtJdGTZg4M3hq1NZ7PQMGIN3-OA&scope=email+profile+https%3A%2F%2Fwww.googleapis.com%2Fauth%2Fuserinfo.profile+https%3A%2F%2Fwww.googleapis.com%2Fauth%2Fuserinfo.email+openid&authuser=0&prompt=consent [36m302[0m 863.611 ms - 46[0m
[0mGET / [32m200[0m 51.507 ms - 13716[0m
[0mGET / [32m200[0m 1786.662 ms - 13273[0m
[0mPOST /posts/create [32m200[0m 49.841 ms - 268[0m
[0mPOST /posts/create [32m200[0m 64.290 ms - 268[0m
[0mGET / [32m200[0m 2167.597 ms - 11429[0m
[0mGET /favicon.ico [33m404[0m 623.086 ms - 150[0m
[0mGET /users/sign-in [32m200[0m 54.480 ms - 3708[0m
[0mPOST /users/create-session [36m302[0m 339.396 ms - 46[0m
[0mGET / [32m200[0m 65.797 ms - 17629[0m
[0mGET /users/sign-out [36m302[0m 393.662 ms - 72[0m
[0mGET /users/sign-up [32m200[0m 187.011 ms - 7419[0m
[0mPOST /users/create-session [36m302[0m 20.074 ms - 46[0m
[0mGET / [36m304[0m 310.170 ms - -[0m
[0mPOST /likes/toggle/?id=64c4b5f38c8764ba25766c19&type=Post [32m200[0m 328.290 ms - 58[0m
[0mGET / [32m200[0m 959.503 ms - 4043[0m
<<<<<<< HEAD
<<<<<<< HEAD
[0mGET /users/sign-up [32m200[0m 299.200 ms - 6982[0m
[0mPOST /users/create [36m302[0m 564.970 ms - 72[0m
[0mGET /users/sign-in [36m304[0m 27.393 ms - -[0m
[0mPOST /users/create-session [36m302[0m 312.513 ms - 46[0m
[0mGET / [32m200[0m 1288.095 ms - 5499[0m
[0mPOST /posts/create [32m200[0m 781.133 ms - 261[0m
[0mPOST /posts/create [32m200[0m 776.840 ms - 261[0m
[0mPOST /likes/toggle/?id=64c67bb40724e68649d75c88&type=Post [32m200[0m 1064.047 ms - 58[0m
[0mPOST /posts/create [32m200[0m 789.954 ms - 263[0m
[0mPOST /posts/create [32m200[0m 814.463 ms - 263[0m
[0mPOST /comments/create [32m200[0m 1021.585 ms - 305[0m
[0mPOST /comments/create [32m200[0m 1015.626 ms - 307[0m
[0mGET /posts/destroy/64c67be00724e68649d75c99 [32m200[0m 1250.351 ms - 72[0m
[0mGET /posts/destroy/64c67be00724e68649d75c97 [32m200[0m 1234.473 ms - 72[0m
[0mGET /posts/destroy/64c67bb40724e68649d75c88 [32m200[0m 1239.579 ms - 72[0m
[0mGET /posts/destroy/64c67bb40724e68649d75c8a [32m200[0m 1232.796 ms - 72[0m
[0mPOST /posts/create [32m200[0m 736.000 ms - 264[0m
[0mPOST /posts/create [32m200[0m 765.030 ms - 264[0m
[0mPOST /likes/toggle/?id=64c67c220724e68649d75cc6&type=Post [32m200[0m 2154.369 ms - 58[0m
[0mPOST /likes/toggle/?id=64c67c220724e68649d75cc4&type=Post [32m200[0m 1179.693 ms - 58[0m
[0mGET / [32m200[0m 1328.112 ms - 6134[0m
[0mGET /favicon.ico [33m404[0m 830.227 ms - 150[0m
[0mGET / [36m304[0m 1305.753 ms - -[0m
[0mGET /users/sign-in [32m200[0m 313.648 ms - 3708[0m
[0mPOST /users/create-session [36m302[0m 1026.362 ms - 46[0m
[0mGET / [32m200[0m 2493.577 ms - 9259[0m
[0mPOST /posts/create [32m200[0m 1055.298 ms - 260[0m
[0mPOST /posts/create [32m200[0m 1065.078 ms - 260[0m
[0mGET /users/profile/64c67baa0724e68649d75c80 [32m200[0m 2766.184 ms - 3322[0m
[0mGET / [32m200[0m 1390.294 ms - 12568[0m
[0mPOST /likes/toggle/?id=64c795eaf542d0b62ae2dc49&type=Post [32m200[0m 1333.333 ms - 58[0m
[0mPOST /likes/toggle/?id=64c795eaf542d0b62ae2dc47&type=Post [32m200[0m 1428.886 ms - 58[0m
[0mGET / [32m200[0m 1428.050 ms - 12568[0m
[0mPOST /posts/create [32m200[0m 1056.428 ms - 259[0m
[0mPOST /posts/create [32m200[0m 2294.458 ms - 259[0m
[0mGET / [32m200[0m 1464.572 ms - 16318[0m
[0mGET /posts/destroy/64c79a961c68cd761b229e99 [32m200[0m 1538.356 ms - 72[0m
[0mGET /posts/destroy/64c79a961c68cd761b229e99 [36m302[0m 2003.822 ms - 44[0m
[0mGET /posts/destroy/64c79a951c68cd761b229e95 [32m200[0m 1484.575 ms - 72[0m
[0mGET /posts/destroy/64c79a951c68cd761b229e95 [36m302[0m 721.712 ms - 44[0m
[0mGET / [32m200[0m 1255.946 ms - 12907[0m
[0mGET / [32m200[0m 2557.526 ms - 12568[0m
[0mGET /posts/destroy/64c795eaf542d0b62ae2dc49 [32m200[0m 1481.927 ms - 72[0m
[0mGET /posts/destroy/64c795eaf542d0b62ae2dc49 [36m302[0m 723.492 ms - 44[0m
[0mGET / [32m200[0m 1254.094 ms - 11031[0m
[0mGET /posts/destroy/64c795eaf542d0b62ae2dc47 [32m200[0m 1504.668 ms - 72[0m
[0mGET /posts/destroy/64c795eaf542d0b62ae2dc47 [36m302[0m 746.865 ms - 44[0m
[0mGET / [32m200[0m 1217.938 ms - 9155[0m
[0mGET /posts/destroy/64c67c220724e68649d75cc6 [32m200[0m 1496.994 ms - 72[0m
[0mGET /posts/destroy/64c67c220724e68649d75cc6 [36m302[0m 773.109 ms - 44[0m
[0mGET /posts/destroy/64c67c220724e68649d75cc6 [36m302[0m 725.699 ms - 44[0m
[0mGET / [32m200[0m 1240.870 ms - 7275[0m
[0mGET /posts/destroy/64c67c220724e68649d75cc6 [36m302[0m 726.260 ms - 44[0m
[0mGET / [32m200[0m 1745.020 ms - 6936[0m
[0mGET /posts/destroy/64c67c220724e68649d75cc4 [32m200[0m 1459.591 ms - 72[0m
[0mGET /posts/destroy/64c67c220724e68649d75cc4 [36m302[0m 706.787 ms - 44[0m
[0mGET / [32m200[0m 976.313 ms - 5056[0m
[0mGET /posts/destroy/64c67c220724e68649d75cc6 [36m302[0m 3187.525 ms - 44[0m
[0mGET / [32m200[0m 976.052 ms - 5395[0m
[0mGET /posts/destroy/64c67c220724e68649d75cc6 [36m302[0m 696.365 ms - 44[0m
[0mGET / [32m200[0m 981.734 ms - 5056[0m
[0mGET /posts/destroy/64c67c220724e68649d75cc6 [36m302[0m 694.875 ms - 44[0m
[0mGET /posts/destroy/64c67c220724e68649d75cc6 [36m302[0m 723.795 ms - 44[0m
[0mGET / [36m304[0m 938.599 ms - -[0m
[0mGET / [32m200[0m 1679.245 ms - 5395[0m
[0mPOST /posts/create [32m200[0m 961.503 ms - 262[0m
[0mPOST /posts/create [32m200[0m 967.595 ms - 262[0m
[0mGET / [32m200[0m 1242.437 ms - 8812[0m
=======
>>>>>>> parent of 5b447d0b ( Mongo url changed in index.js)
=======
>>>>>>> parent of 5b447d0b ( Mongo url changed in index.js)
